<?xml version="1.0" encoding="UTF-8"?>
<!-- Generated by org.testng.reporters.JUnitReportReporter -->
<testsuite skipped="0" hostname="LAPTOP-MB80RPKK" name="regression.ClassA" tests="3" failures="0" timestamp="16 Jan 2021 11:18:14 GMT" time="0.029" errors="0">
  <testcase name="m1" time="0.022" classname="regression.ClassA"/>
  <testcase name="aTest" time="0.004" classname="regression.ClassA"/>
  <testcase name="m2" time="0.003" classname="regression.ClassA"/>
</testsuite> <!-- regression.ClassA -->
